[debug] [2022-08-21T07:54:12.242Z] ----------------------------------------------------------------------
[debug] [2022-08-21T07:54:12.243Z] Command:       C:\Program Files\nodejs\node.exe C:\Users\ncsri\AppData\Roaming\npm\node_modules\firebase-tools\lib\bin\firebase.js init
[debug] [2022-08-21T07:54:12.244Z] CLI Version:   11.7.0
[debug] [2022-08-21T07:54:12.244Z] Platform:      win32
[debug] [2022-08-21T07:54:12.244Z] Node Version:  v16.14.0
[debug] [2022-08-21T07:54:12.245Z] Time:          Sun Aug 21 2022 13:24:12 GMT+0530 (India Standard Time)
[debug] [2022-08-21T07:54:12.245Z] ----------------------------------------------------------------------
[debug] 
[debug] [2022-08-21T07:54:12.251Z] > command requires scopes: ["email","openid","https://www.googleapis.com/auth/cloudplatformprojects.readonly","https://www.googleapis.com/auth/firebase","https://www.googleapis.com/auth/cloud-platform"]
[debug] [2022-08-21T07:54:12.251Z] > authorizing via signed-in user (2210416336@gitam.in)
[info] 
     ######## #### ########  ######## ########     ###     ######  ########
     ##        ##  ##     ## ##       ##     ##  ##   ##  ##       ##
     ######    ##  ########  ######   ########  #########  ######  ######
     ##        ##  ##    ##  ##       ##     ## ##     ##       ## ##
     ##       #### ##     ## ######## ########  ##     ##  ######  ########

You're about to initialize a Firebase project in this directory:

  D:\Srikar Files and Projects\ALL Projects\ShipMantra_Chaitanya_Srikar\shipmantra_frontend

[info] 
=== Project Setup
[info] 
[info] First, let's associate this project directory with a Firebase project.
[info] You can create multiple project aliases by running firebase use --add, 
[info] but for now we'll just set up a default project.
[info] 
[info] i  If you want to create a project in a Google Cloud organization or folder, please use "firebase projects:create" instead, and return to this command when you've created the project. 
[debug] [2022-08-21T07:55:19.092Z] >>> [apiv2][query] POST https://cloudresourcemanager.googleapis.com/v1/projects [none]
[debug] [2022-08-21T07:55:19.092Z] >>> [apiv2][body] POST https://cloudresourcemanager.googleapis.com/v1/projects {"projectId":"shipMantraAssignment","name":"shipMantraAssignment"}
[debug] [2022-08-21T07:55:20.439Z] <<< [apiv2][status] POST https://cloudresourcemanager.googleapis.com/v1/projects 400
[debug] [2022-08-21T07:55:20.439Z] <<< [apiv2][body] POST https://cloudresourcemanager.googleapis.com/v1/projects {"error":{"code":400,"message":"field [project_id] has issue [project_id contains invalid characters]","status":"INVALID_ARGUMENT","details":[{"@type":"type.googleapis.com/google.rpc.BadRequest","fieldViolations":[{"field":"project_id","description":"project_id contains invalid characters"}]},{"@type":"type.googleapis.com/google.rpc.Help","links":[{"url":"https://cloud.google.com/resource-manager/reference/rest/v1/projects"}]}]}}
[debug] [2022-08-21T07:55:20.441Z] FirebaseError: HTTP Error: 400, field [project_id] has issue [project_id contains invalid characters]
    at responseToError (C:\Users\ncsri\AppData\Roaming\npm\node_modules\firebase-tools\lib\responseToError.js:49:12)
    at RetryOperation._fn (C:\Users\ncsri\AppData\Roaming\npm\node_modules\firebase-tools\lib\apiv2.js:288:77)
    at processTicksAndRejections (node:internal/process/task_queues:96:5)
[error] 
[error] Error: Failed to create project. See firebase-debug.log for more info.
